This file contains any messages produced by compilers while
running configure, to aid debugging if configure makes a mistake.

It was created by ImageOutliner configure 1.0, which was
generated by GNU Autoconf 2.69.  Invocation command line was

  $ /media/lucas/LUCAS_HD/ambientes/cpp/eclipse/workspace/ImageOutliner/configure CFLAGS=-g -O0 CXXFLAGS=-g -O0

## --------- ##
## Platform. ##
## --------- ##

hostname = lucas-HP-Compaq-Elite-8300-SFF
uname -m = x86_64
uname -r = 3.19.0-21-generic
uname -s = Linux
uname -v = #21-Ubuntu SMP Sun Jun 14 18:31:11 UTC 2015

/usr/bin/uname -p = unknown
/bin/uname -X     = unknown

/bin/arch              = unknown
/usr/bin/arch -k       = unknown
/usr/convex/getsysinfo = unknown
/usr/bin/hostinfo      = unknown
/bin/machine           = unknown
/usr/bin/oslevel       = unknown
/bin/universe          = unknown

PATH: /usr/local/sbin
PATH: /usr/local/bin
PATH: /usr/sbin
PATH: /usr/bin
PATH: /sbin
PATH: /bin
PATH: /usr/games
PATH: /usr/local/games


## ----------- ##
## Core tests. ##
## ----------- ##

configure:1947: checking for gcc
configure:1963: found /usr/bin/gcc
configure:1974: result: gcc
configure:2203: checking for C compiler version
configure:2212: gcc --version >&5
gcc (Ubuntu 4.9.2-10ubuntu13) 4.9.2
Copyright (C) 2014 Free Software Foundation, Inc.
This is free software; see the source for copying conditions.  There is NO
warranty; not even for MERCHANTABILITY or FITNESS FOR A PARTICULAR PURPOSE.

configure:2223: $? = 0
configure:2212: gcc -v >&5
Using built-in specs.
COLLECT_GCC=gcc
COLLECT_LTO_WRAPPER=/usr/lib/gcc/x86_64-linux-gnu/4.9/lto-wrapper
Target: x86_64-linux-gnu
Configured with: ../src/configure -v --with-pkgversion='Ubuntu 4.9.2-10ubuntu13' --with-bugurl=file:///usr/share/doc/gcc-4.9/README.Bugs --enable-languages=c,c++,java,go,d,fortran,objc,obj-c++ --prefix=/usr --program-suffix=-4.9 --enable-shared --enable-linker-build-id --libexecdir=/usr/lib --without-included-gettext --enable-threads=posix --with-gxx-include-dir=/usr/include/c++/4.9 --libdir=/usr/lib --enable-nls --with-sysroot=/ --enable-clocale=gnu --enable-libstdcxx-debug --enable-libstdcxx-time=yes --enable-gnu-unique-object --disable-vtable-verify --enable-plugin --with-system-zlib --disable-browser-plugin --enable-java-awt=gtk --enable-gtk-cairo --with-java-home=/usr/lib/jvm/java-1.5.0-gcj-4.9-amd64/jre --enable-java-home --with-jvm-root-dir=/usr/lib/jvm/java-1.5.0-gcj-4.9-amd64 --with-jvm-jar-dir=/usr/lib/jvm-exports/java-1.5.0-gcj-4.9-amd64 --with-arch-directory=amd64 --with-ecj-jar=/usr/share/java/eclipse-ecj.jar --enable-objc-gc --enable-multiarch --disable-werror --with-arch-32=i686 --with-abi=m64 --with-multilib-list=m32,m64,mx32 --enable-multilib --with-tune=generic --enable-checking=release --build=x86_64-linux-gnu --host=x86_64-linux-gnu --target=x86_64-linux-gnu
Thread model: posix
gcc version 4.9.2 (Ubuntu 4.9.2-10ubuntu13) 
configure:2223: $? = 0
configure:2212: gcc -V >&5
gcc: error: unrecognized command line option '-V'
gcc: fatal error: no input files
compilation terminated.
configure:2223: $? = 4
configure:2212: gcc -qversion >&5
gcc: error: unrecognized command line option '-qversion'
gcc: fatal error: no input files
compilation terminated.
configure:2223: $? = 4
configure:2243: checking whether the C compiler works
configure:2265: gcc -g -O0   conftest.c  >&5
configure:2269: $? = 0
configure:2317: result: yes
configure:2320: checking for C compiler default output file name
configure:2322: result: a.out
configure:2328: checking for suffix of executables
configure:2335: gcc -o conftest -g -O0   conftest.c  >&5
configure:2339: $? = 0
configure:2361: result: 
configure:2383: checking whether we are cross compiling
configure:2391: gcc -o conftest -g -O0   conftest.c  >&5
configure:2395: $? = 0
configure:2402: ./conftest
configure:2406: $? = 0
configure:2421: result: no
configure:2426: checking for suffix of object files
configure:2448: gcc -c -g -O0  conftest.c >&5
configure:2452: $? = 0
configure:2473: result: o
configure:2477: checking whether we are using the GNU C compiler
configure:2496: gcc -c -g -O0  conftest.c >&5
configure:2496: $? = 0
configure:2505: result: yes
configure:2514: checking whether gcc accepts -g
configure:2534: gcc -c -g  conftest.c >&5
configure:2534: $? = 0
configure:2575: result: yes
configure:2592: checking for gcc option to accept ISO C89
configure:2655: gcc  -c -g -O0  conftest.c >&5
configure:2655: $? = 0
configure:2668: result: none needed
configure:2693: checking whether gcc understands -c and -o together
configure:2715: gcc -c conftest.c -o conftest2.o
configure:2718: $? = 0
configure:2715: gcc -c conftest.c -o conftest2.o
configure:2718: $? = 0
configure:2730: result: yes
configure:2748: checking for main in -lboost_program_options
configure:2767: gcc -o conftest -g -O0   conftest.c -lboost_program_options   >&5
configure:2767: $? = 0
configure:2776: result: yes
configure:2788: checking for main in -lz
configure:2807: gcc -o conftest -g -O0   conftest.c -lz  -lboost_program_options  >&5
configure:2807: $? = 0
configure:2816: result: yes
configure:2828: checking for main in -lpthread
configure:2847: gcc -o conftest -g -O0   conftest.c -lpthread  -lz -lboost_program_options  >&5
configure:2847: $? = 0
configure:2856: result: yes
configure:2869: checking for main in -lpng
configure:2888: gcc -o conftest -g -O0   conftest.c -lpng  -lpthread -lz -lboost_program_options  >&5
configure:2888: $? = 0
configure:2897: result: yes
configure:2943: checking build system type
configure:2957: result: x86_64-unknown-linux-gnu
configure:2977: checking host system type
configure:2990: result: x86_64-unknown-linux-gnu
configure:3010: checking target system type
configure:3023: result: x86_64-unknown-linux-gnu
configure:3066: checking for a BSD-compatible install
configure:3134: result: /usr/bin/install -c
configure:3145: checking whether build environment is sane
configure:3200: result: yes
configure:3235: WARNING: 'missing' script is too old or missing
configure:3348: checking for a thread-safe mkdir -p
configure:3387: result: /bin/mkdir -p
configure:3394: checking for gawk
configure:3410: found /usr/bin/gawk
configure:3421: result: gawk
configure:3432: checking whether make sets $(MAKE)
configure:3454: result: yes
configure:3484: checking for style of include used by make
configure:3512: result: GNU
configure:3546: checking whether make supports nested variables
configure:3563: result: yes
configure:3648: checking dependency style of gcc
configure:3759: result: gcc3
configure:3876: checking for g++
configure:3892: found /usr/bin/g++
configure:3903: result: g++
configure:3930: checking for C++ compiler version
configure:3939: g++ --version >&5
g++ (Ubuntu 4.9.2-10ubuntu13) 4.9.2
Copyright (C) 2014 Free Software Foundation, Inc.
This is free software; see the source for copying conditions.  There is NO
warranty; not even for MERCHANTABILITY or FITNESS FOR A PARTICULAR PURPOSE.

configure:3950: $? = 0
configure:3939: g++ -v >&5
Using built-in specs.
COLLECT_GCC=g++
COLLECT_LTO_WRAPPER=/usr/lib/gcc/x86_64-linux-gnu/4.9/lto-wrapper
Target: x86_64-linux-gnu
Configured with: ../src/configure -v --with-pkgversion='Ubuntu 4.9.2-10ubuntu13' --with-bugurl=file:///usr/share/doc/gcc-4.9/README.Bugs --enable-languages=c,c++,java,go,d,fortran,objc,obj-c++ --prefix=/usr --program-suffix=-4.9 --enable-shared --enable-linker-build-id --libexecdir=/usr/lib --without-included-gettext --enable-threads=posix --with-gxx-include-dir=/usr/include/c++/4.9 --libdir=/usr/lib --enable-nls --with-sysroot=/ --enable-clocale=gnu --enable-libstdcxx-debug --enable-libstdcxx-time=yes --enable-gnu-unique-object --disable-vtable-verify --enable-plugin --with-system-zlib --disable-browser-plugin --enable-java-awt=gtk --enable-gtk-cairo --with-java-home=/usr/lib/jvm/java-1.5.0-gcj-4.9-amd64/jre --enable-java-home --with-jvm-root-dir=/usr/lib/jvm/java-1.5.0-gcj-4.9-amd64 --with-jvm-jar-dir=/usr/lib/jvm-exports/java-1.5.0-gcj-4.9-amd64 --with-arch-directory=amd64 --with-ecj-jar=/usr/share/java/eclipse-ecj.jar --enable-objc-gc --enable-multiarch --disable-werror --with-arch-32=i686 --with-abi=m64 --with-multilib-list=m32,m64,mx32 --enable-multilib --with-tune=generic --enable-checking=release --build=x86_64-linux-gnu --host=x86_64-linux-gnu --target=x86_64-linux-gnu
Thread model: posix
gcc version 4.9.2 (Ubuntu 4.9.2-10ubuntu13) 
configure:3950: $? = 0
configure:3939: g++ -V >&5
g++: error: unrecognized command line option '-V'
g++: fatal error: no input files
compilation terminated.
configure:3950: $? = 4
configure:3939: g++ -qversion >&5
g++: error: unrecognized command line option '-qversion'
g++: fatal error: no input files
compilation terminated.
configure:3950: $? = 4
configure:3954: checking whether we are using the GNU C++ compiler
configure:3973: g++ -c -g -O0  conftest.cpp >&5
configure:3973: $? = 0
configure:3982: result: yes
configure:3991: checking whether g++ accepts -g
configure:4011: g++ -c -g  conftest.cpp >&5
configure:4011: $? = 0
configure:4052: result: yes
configure:4077: checking dependency style of g++
configure:4188: result: gcc3
configure:4351: checking that generated files are newer than configure
configure:4357: result: done
configure:4384: creating ./config.status

## ---------------------- ##
## Running config.status. ##
## ---------------------- ##

This file was extended by ImageOutliner config.status 1.0, which was
generated by GNU Autoconf 2.69.  Invocation command line was

  CONFIG_FILES    = 
  CONFIG_HEADERS  = 
  CONFIG_LINKS    = 
  CONFIG_COMMANDS = 
  $ ./config.status 

on lucas-HP-Compaq-Elite-8300-SFF

config.status:792: creating Makefile
config.status:792: creating src/Makefile
config.status:964: executing depfiles commands

## ---------------- ##
## Cache variables. ##
## ---------------- ##

ac_cv_build=x86_64-unknown-linux-gnu
ac_cv_c_compiler_gnu=yes
ac_cv_cxx_compiler_gnu=yes
ac_cv_env_CCC_set=
ac_cv_env_CCC_value=
ac_cv_env_CC_set=
ac_cv_env_CC_value=
ac_cv_env_CFLAGS_set=set
ac_cv_env_CFLAGS_value='-g -O0'
ac_cv_env_CPPFLAGS_set=
ac_cv_env_CPPFLAGS_value=
ac_cv_env_CXXFLAGS_set=set
ac_cv_env_CXXFLAGS_value='-g -O0'
ac_cv_env_CXX_set=
ac_cv_env_CXX_value=
ac_cv_env_LDFLAGS_set=
ac_cv_env_LDFLAGS_value=
ac_cv_env_LIBS_set=
ac_cv_env_LIBS_value=
ac_cv_env_build_alias_set=
ac_cv_env_build_alias_value=
ac_cv_env_host_alias_set=
ac_cv_env_host_alias_value=
ac_cv_env_target_alias_set=
ac_cv_env_target_alias_value=
ac_cv_host=x86_64-unknown-linux-gnu
ac_cv_lib_boost_program_options_main=yes
ac_cv_lib_png_main=yes
ac_cv_lib_pthread_main=yes
ac_cv_lib_z_main=yes
ac_cv_objext=o
ac_cv_path_install='/usr/bin/install -c'
ac_cv_path_mkdir=/bin/mkdir
ac_cv_prog_AWK=gawk
ac_cv_prog_ac_ct_CC=gcc
ac_cv_prog_ac_ct_CXX=g++
ac_cv_prog_cc_c89=
ac_cv_prog_cc_g=yes
ac_cv_prog_cxx_g=yes
ac_cv_prog_make_make_set=yes
ac_cv_target=x86_64-unknown-linux-gnu
am_cv_CC_dependencies_compiler_type=gcc3
am_cv_CXX_dependencies_compiler_type=gcc3
am_cv_make_support_nested_variables=yes
am_cv_prog_cc_c_o=yes

## ----------------- ##
## Output variables. ##
## ----------------- ##

ACLOCAL='aclocal-1.14'
AMDEPBACKSLASH='\'
AMDEP_FALSE='#'
AMDEP_TRUE=''
AMTAR='$${TAR-tar}'
AM_BACKSLASH='\'
AM_DEFAULT_V='$(AM_DEFAULT_VERBOSITY)'
AM_DEFAULT_VERBOSITY='1'
AM_V='$(V)'
AUTOCONF='autoconf'
AUTOHEADER='autoheader'
AUTOMAKE='automake-1.14'
AWK='gawk'
CC='gcc'
CCDEPMODE='depmode=gcc3'
CFLAGS='-g -O0'
CPPFLAGS=''
CXX='g++'
CXXDEPMODE='depmode=gcc3'
CXXFLAGS='-g -O0'
CYGPATH_W='echo'
DEFS='-DPACKAGE_NAME=\"ImageOutliner\" -DPACKAGE_TARNAME=\"imageoutliner\" -DPACKAGE_VERSION=\"1.0\" -DPACKAGE_STRING=\"ImageOutliner\ 1.0\" -DPACKAGE_BUGREPORT=\"\" -DPACKAGE_URL=\"\" -DHAVE_LIBBOOST_PROGRAM_OPTIONS=1 -DHAVE_LIBZ=1 -DHAVE_LIBPTHREAD=1 -DHAVE_LIBPNG=1 -DPACKAGE=\"imageoutliner\" -DVERSION=\"1.0\"'
DEPDIR='.deps'
ECHO_C=''
ECHO_N='-n'
ECHO_T=''
EXEEXT=''
INSTALL_DATA='${INSTALL} -m 644'
INSTALL_PROGRAM='${INSTALL}'
INSTALL_SCRIPT='${INSTALL}'
INSTALL_STRIP_PROGRAM='$(install_sh) -c -s'
LDFLAGS=''
LIBOBJS=''
LIBS='-lpng -lpthread -lz -lboost_program_options '
LTLIBOBJS=''
MAKEINFO='makeinfo'
MKDIR_P='/bin/mkdir -p'
OBJEXT='o'
PACKAGE='imageoutliner'
PACKAGE_BUGREPORT=''
PACKAGE_NAME='ImageOutliner'
PACKAGE_STRING='ImageOutliner 1.0'
PACKAGE_TARNAME='imageoutliner'
PACKAGE_URL=''
PACKAGE_VERSION='1.0'
PATH_SEPARATOR=':'
SET_MAKE=''
SHELL='/bin/bash'
STRIP=''
VERSION='1.0'
ac_ct_CC='gcc'
ac_ct_CXX='g++'
am__EXEEXT_FALSE=''
am__EXEEXT_TRUE='#'
am__fastdepCC_FALSE='#'
am__fastdepCC_TRUE=''
am__fastdepCXX_FALSE='#'
am__fastdepCXX_TRUE=''
am__include='include'
am__isrc=''
am__leading_dot='.'
am__nodep='_no'
am__quote=''
am__tar='$${TAR-tar} chof - "$$tardir"'
am__untar='$${TAR-tar} xf -'
bindir='${exec_prefix}/bin'
build='x86_64-unknown-linux-gnu'
build_alias=''
build_cpu='x86_64'
build_os='linux-gnu'
build_vendor='unknown'
datadir='${datarootdir}'
datarootdir='${prefix}/share'
docdir='${datarootdir}/doc/${PACKAGE_TARNAME}'
dvidir='${docdir}'
exec_prefix='${prefix}'
host='x86_64-unknown-linux-gnu'
host_alias=''
host_cpu='x86_64'
host_os='linux-gnu'
host_vendor='unknown'
htmldir='${docdir}'
includedir='${prefix}/include'
infodir='${datarootdir}/info'
install_sh='${SHELL} /home/lucas/install-sh'
libdir='${exec_prefix}/lib'
libexecdir='${exec_prefix}/libexec'
localedir='${datarootdir}/locale'
localstatedir='${prefix}/var'
mandir='${datarootdir}/man'
mkdir_p='$(MKDIR_P)'
oldincludedir='/usr/include'
pdfdir='${docdir}'
prefix='/usr/local'
program_transform_name='s,x,x,'
psdir='${docdir}'
sbindir='${exec_prefix}/sbin'
sharedstatedir='${prefix}/com'
sysconfdir='${prefix}/etc'
target='x86_64-unknown-linux-gnu'
target_alias=''
target_cpu='x86_64'
target_os='linux-gnu'
target_vendor='unknown'

## ----------- ##
## confdefs.h. ##
## ----------- ##

/* confdefs.h */
#define PACKAGE_NAME "ImageOutliner"
#define PACKAGE_TARNAME "imageoutliner"
#define PACKAGE_VERSION "1.0"
#define PACKAGE_STRING "ImageOutliner 1.0"
#define PACKAGE_BUGREPORT ""
#define PACKAGE_URL ""
#define HAVE_LIBBOOST_PROGRAM_OPTIONS 1
#define HAVE_LIBZ 1
#define HAVE_LIBPTHREAD 1
#define HAVE_LIBPNG 1
#define PACKAGE "imageoutliner"
#define VERSION "1.0"

configure: exit 0
